[2016-07-05 15:50:23] logger.DEBUG:  [] []
[2016-07-05 15:50:23] logger.INFO: アクセスされました！ [] []
[2016-07-05 15:50:23] logger.ERROR:  [] []
[2016-07-05 15:51:46] logger.DEBUG: IPアドレスは、::1 です。 [] []
[2016-07-05 15:51:46] logger.INFO: 2 回目のアクセスです。  [] []
[2016-07-05 15:51:47] logger.DEBUG: IPアドレスは、::1 です。 [] []
[2016-07-05 15:51:47] logger.INFO: 3 回目のアクセスです。  [] []
[2016-07-05 15:51:47] logger.DEBUG: IPアドレスは、::1 です。 [] []
[2016-07-05 15:51:47] logger.INFO: 4 回目のアクセスです。  [] []
[2016-07-05 15:51:47] logger.DEBUG: IPアドレスは、::1 です。 [] []
[2016-07-05 15:51:47] logger.INFO: 5 回目のアクセスです。  [] []
[2016-07-05 15:51:47] logger.DEBUG: IPアドレスは、::1 です。 [] []
[2016-07-05 15:51:47] logger.INFO: 6 回目のアクセスです。  [] []
[2016-07-05 15:51:47] logger.DEBUG: IPアドレスは、::1 です。 [] []
[2016-07-05 15:51:47] logger.INFO: 7 回目のアクセスです。  [] []
[2016-07-05 15:51:48] logger.DEBUG: IPアドレスは、::1 です。 [] []
[2016-07-05 15:51:48] logger.INFO: 8 回目のアクセスです。  [] []
[2016-07-05 15:51:48] logger.DEBUG: IPアドレスは、::1 です。 [] []
[2016-07-05 15:51:48] logger.INFO: 9 回目のアクセスです。  [] []
[2016-07-05 15:51:48] logger.DEBUG: IPアドレスは、::1 です。 [] []
[2016-07-05 15:51:48] logger.INFO: 10 回目のアクセスです。  [] []
[2016-07-05 15:51:48] logger.DEBUG: IPアドレスは、::1 です。 [] []
[2016-07-05 15:51:48] logger.INFO: 11 回目のアクセスです。  [] []
[2016-07-05 15:51:48] logger.ERROR: 10回以上のアクセスを受けています！ [] []
[2016-07-05 15:51:48] logger.DEBUG: IPアドレスは、::1 です。 [] []
[2016-07-05 15:51:48] logger.INFO: 12 回目のアクセスです。  [] []
[2016-07-05 15:51:48] logger.ERROR: 10回以上のアクセスを受けています！ [] []
[2016-07-05 15:51:48] logger.DEBUG: IPアドレスは、::1 です。 [] []
[2016-07-05 15:51:48] logger.INFO: 13 回目のアクセスです。  [] []
[2016-07-05 15:51:48] logger.ERROR: 10回以上のアクセスを受けています！ [] []
[2016-07-05 15:51:49] logger.DEBUG: IPアドレスは、::1 です。 [] []
[2016-07-05 15:51:49] logger.INFO: 14 回目のアクセスです。  [] []
[2016-07-05 15:51:49] logger.ERROR: 10回以上のアクセスを受けています！ [] []
[2016-07-05 15:51:49] logger.DEBUG: IPアドレスは、::1 です。 [] []
[2016-07-05 15:51:49] logger.INFO: 15 回目のアクセスです。  [] []
[2016-07-05 15:51:49] logger.ERROR: 10回以上のアクセスを受けています！ [] []
[2016-07-05 15:51:49] logger.DEBUG: IPアドレスは、::1 です。 [] []
[2016-07-05 15:51:49] logger.INFO: 16 回目のアクセスです。  [] []
[2016-07-05 15:51:49] logger.ERROR: 10回以上のアクセスを受けています！ [] []
[2016-07-05 15:51:49] logger.DEBUG: IPアドレスは、::1 です。 [] []
[2016-07-05 15:51:49] logger.INFO: 17 回目のアクセスです。  [] []
[2016-07-05 15:51:49] logger.ERROR: 10回以上のアクセスを受けています！ [] []
[2016-07-05 15:51:49] logger.DEBUG: IPアドレスは、::1 です。 [] []
[2016-07-05 15:51:49] logger.INFO: 18 回目のアクセスです。  [] []
[2016-07-05 15:51:49] logger.ERROR: 10回以上のアクセスを受けています！ [] []
